app/build/intermediates/manifest_merge_blame_file/debug/manifest-merger-blame-debug-report.txt
1<?xml version="1.0" encoding="utf-8"?>
2<manifest xmlns:android="http://schemas.android.com/apk/res/android"
3    package="edu.upc.dsa.Minim2meri"
4    android:versionCode="1"
5    android:versionName="1.0" >
6
7    <uses-sdk
8        android:minSdkVersion="21"
8-->src\main\AndroidManifest.xml
9        android:targetSdkVersion="29" />
9-->src\main\AndroidManifest.xml
10
11    <uses-permission android:name="android.permission.ACCESS_NETWORK_STATE" />
11-->src\main\AndroidManifest.xml:5:5-79
11-->src\main\AndroidManifest.xml:5:22-76
12    <uses-permission android:name="android.permission.ACCESS_WIFI_STATE" />
12-->src\main\AndroidManifest.xml:6:5-76
12-->src\main\AndroidManifest.xml:6:22-73
13    <uses-permission android:name="android.permission.INTERNET" />
13-->src\main\AndroidManifest.xml:7:5-67
13-->src\main\AndroidManifest.xml:7:22-64
14    <uses-permission android:name="android.permission.RECORD_AUDIO" />
14-->src\main\AndroidManifest.xml:8:5-71
14-->src\main\AndroidManifest.xml:8:22-68
15
16    <!-- Permission will be merged into the manifest of the hosting app. -->
17    <!-- Is required to launch foreground extraction service for targetSdkVersion 28+. -->
18    <uses-permission android:name="android.permission.FOREGROUND_SERVICE" />
18-->[com.google.android.play:core:1.7.2] AndroidManifest.xml:8:3-74
18-->[com.google.android.play:core:1.7.2] AndroidManifest.xml:8:20-72
19
20    <application
20-->src\main\AndroidManifest.xml:10:5-25:19
21        android:allowBackup="true"
21-->src\main\AndroidManifest.xml:12:9-35
22        android:appComponentFactory="androidx.core.app.CoreComponentFactory"
22-->[androidx.core:core:1.5.0-alpha01] AndroidManifest.xml:24:18-86
23        android:debuggable="true"
24        android:icon="@mipmap/ic_launcher"
24-->src\main\AndroidManifest.xml:13:9-43
25        android:label="@string/app_name"
25-->src\main\AndroidManifest.xml:14:9-41
26        android:roundIcon="@mipmap/ic_launcher_round"
26-->src\main\AndroidManifest.xml:15:9-54
27        android:supportsRtl="true"
27-->src\main\AndroidManifest.xml:16:9-35
28        android:testOnly="true"
29        android:theme="@style/AppTheme"
29-->src\main\AndroidManifest.xml:17:9-40
30        android:usesCleartextTraffic="true" >
30-->src\main\AndroidManifest.xml:11:9-44
31        <activity android:name="edu.upc.dsa.Minim2meriHermoso.MainActivity" >
31-->src\main\AndroidManifest.xml:18:9-24:20
31-->src\main\AndroidManifest.xml:18:19-76
32            <intent-filter>
32-->src\main\AndroidManifest.xml:19:13-23:29
33                <action android:name="android.intent.action.MAIN" />
33-->src\main\AndroidManifest.xml:20:17-69
33-->src\main\AndroidManifest.xml:20:25-66
34
35                <category android:name="android.intent.category.LAUNCHER" />
35-->src\main\AndroidManifest.xml:22:17-77
35-->src\main\AndroidManifest.xml:22:27-74
36            </intent-filter>
37        </activity>
38
39        <provider
39-->[com.squareup.picasso:picasso:2.71828] AndroidManifest.xml:8:9-11:40
40            android:name="com.squareup.picasso.PicassoProvider"
40-->[com.squareup.picasso:picasso:2.71828] AndroidManifest.xml:9:13-64
41            android:authorities="edu.upc.dsa.Minim2meri.com.squareup.picasso"
41-->[com.squareup.picasso:picasso:2.71828] AndroidManifest.xml:10:13-72
42            android:exported="false" /> <!-- The activities will be merged into the manifest of the hosting app. -->
42-->[com.squareup.picasso:picasso:2.71828] AndroidManifest.xml:11:13-37
43        <activity
43-->[com.google.android.play:core:1.7.2] AndroidManifest.xml:12:5-271
44            android:name="com.google.android.play.core.missingsplits.PlayCoreMissingSplitsActivity"
44-->[com.google.android.play:core:1.7.2] AndroidManifest.xml:12:15-102
45            android:enabled="false"
45-->[com.google.android.play:core:1.7.2] AndroidManifest.xml:12:103-126
46            android:exported="false"
46-->[com.google.android.play:core:1.7.2] AndroidManifest.xml:12:127-151
47            android:launchMode="singleInstance"
47-->[com.google.android.play:core:1.7.2] AndroidManifest.xml:12:204-239
48            android:process=":playcore_missing_splits_activity"
48-->[com.google.android.play:core:1.7.2] AndroidManifest.xml:12:152-203
49            android:stateNotNeeded="true" />
49-->[com.google.android.play:core:1.7.2] AndroidManifest.xml:12:240-269
50        <activity
50-->[com.google.android.play:core:1.7.2] AndroidManifest.xml:13:5-226
51            android:name="com.google.android.play.core.common.PlayCoreDialogWrapperActivity"
51-->[com.google.android.play:core:1.7.2] AndroidManifest.xml:13:15-95
52            android:enabled="false"
52-->[com.google.android.play:core:1.7.2] AndroidManifest.xml:13:96-119
53            android:exported="false"
53-->[com.google.android.play:core:1.7.2] AndroidManifest.xml:13:120-144
54            android:stateNotNeeded="true"
54-->[com.google.android.play:core:1.7.2] AndroidManifest.xml:13:145-174
55            android:theme="@style/Theme.PlayCore.Transparent" /> <!-- The service will be merged into the manifest of the hosting app. -->
55-->[com.google.android.play:core:1.7.2] AndroidManifest.xml:13:175-224
56        <service
56-->[com.google.android.play:core:1.7.2] AndroidManifest.xml:16:5-145
57            android:name="com.google.android.play.core.assetpacks.AssetPackExtractionService"
57-->[com.google.android.play:core:1.7.2] AndroidManifest.xml:16:14-95
58            android:enabled="false"
58-->[com.google.android.play:core:1.7.2] AndroidManifest.xml:16:96-119
59            android:exported="true" />
59-->[com.google.android.play:core:1.7.2] AndroidManifest.xml:16:120-143
60    </application>
61
62</manifest>